\BOOKMARK [1][-]{section.1}{1 Introduction}{}% 1
\BOOKMARK [2][-]{subsection.1.1}{1.1 Aim and project structure}{section.1}% 2
\BOOKMARK [1][-]{section.2}{2 Background}{}% 3
\BOOKMARK [2][-]{subsection.2.1}{2.1 Information retrieval on existing database}{section.2}% 4
\BOOKMARK [3][-]{subsubsection.2.1.1}{2.1.1 Introduction to several libraries }{subsection.2.1}% 5
\BOOKMARK [2][-]{subsection.2.2}{2.2 XML metadata structure}{section.2}% 6
\BOOKMARK [2][-]{subsection.2.3}{2.3 Automatic creation of metadata}{section.2}% 7
\BOOKMARK [1][-]{section.3}{3 Methods}{}% 8
\BOOKMARK [2][-]{subsection.3.1}{3.1 Built a database containing ten thousand articles}{section.3}% 9
\BOOKMARK [3][-]{subsubsection.3.1.1}{3.1.1 Database Management Systems}{subsection.3.1}% 10
\BOOKMARK [3][-]{subsubsection.3.1.2}{3.1.2 SQL and NoSQL}{subsection.3.1}% 11
\BOOKMARK [3][-]{subsubsection.3.1.3}{3.1.3 PostgreSQL}{subsection.3.1}% 12
\BOOKMARK [3][-]{subsubsection.3.1.4}{3.1.4 Web Crawler}{subsection.3.1}% 13
\BOOKMARK [2][-]{subsection.3.2}{3.2 Method}{section.3}% 14
\BOOKMARK [3][-]{subsubsection.3.2.1}{3.2.1 Title extraction}{subsection.3.2}% 15
\BOOKMARK [3][-]{subsubsection.3.2.2}{3.2.2 Author extraction}{subsection.3.2}% 16
\BOOKMARK [3][-]{subsubsection.3.2.3}{3.2.3 Abstract extraction}{subsection.3.2}% 17
\BOOKMARK [3][-]{subsubsection.3.2.4}{3.2.4 References URL extraction}{subsection.3.2}% 18
\BOOKMARK [3][-]{subsubsection.3.2.5}{3.2.5 Search sentences}{subsection.3.2}% 19
\BOOKMARK [2][-]{subsection.3.3}{3.3 API}{section.3}% 20
\BOOKMARK [1][-]{section.4}{4 Results and discussion}{}% 21
\BOOKMARK [1][-]{section.5}{5 Conclusions and future work}{}% 22
