Already up-to-date.

Updating git repository...

Getting author information...
  1  Eric Lee <crazyeric890119@gmail.com>                   	259737	21569	1704498	112429
  2  Rahul <adi.rahul171294@gmail.com>                      	743	608	7034	5599
  3  Jacky Wu <Jacky@youande-MacBook-Pro.local>             	257	141	1109	823
  4  Wei <4A02C014@stust.edu.tw>                            	334746	5751	1497282	16484
  5  Feng Chun Hsia <tim.hsia@nordlinglab.org>              	39936	196	185109	331
  6  JSGY <ndslgood@hotmail.com>                            	3638	1046	20625	5572
  7  Kenny Hsu <tei1004@yahoo.com.tw>                       	487	276	1773	1466
  8  Bernie Huang <bernie6430@gmail.com>                    	1787	13732	6484	66503
  9  Huan-wei Hsu <qqps4487@gmail.com>                      	726	368	46151	966
 10  TPhat <geminielf9@gmail.com>                           	633	484	7277	5634
 11  HoangTan <lopcatia@gmail.com>                          	2813	2567	22456	21569
 12  DexterChen <owesdexter2011@gmail.com>                  	285	195	2570	1689
 13  Jim_Lan <jb0929n@gmail.com>                            	7672	7684	50799	49723
 14  KARTHIK <mani.karthick.181190@gmail.com>               	91	72	762	503
 15  Rain Wu <Rain.Wu@nordlinglab.org>                      	156921	111951	531548	327537
 16  leoc0426 <emanual0426@gmail.com>                       	1184	22541	4723	175337
 17  ds lee <dickson.lee@nordlinglab.org>                   	203886	190995	598005	526019
 18  Piyarul Hoque <piyarulhoque1993@gmail.com>             	361	350	3763	3623
 19  Chinweze <chinwezeubadigha@gmail.com>                  	669	289	3253	4993
 20  Yu-Kai <ehero80425@gmail.com>                          	156	111	1769	959
 21  l0989553696 <l0989553696@gmail.com>                    	17696	112	151948	330
 22  tony <lopcatia@gmail.com>                              	274	123	2735	881
 23  FengChunHsia <tim.hsia@nordlinglab.org>                	888	833	1864	1771
 24  UCheng Chen <pt10026@gmail.com>                        	156	58	749	141
 25  kurumalin <pallacanestro159@gmail.com>                 	1814	257	8073	609
 26  Piyarul <piyarulhoque1993@gmail.com.com>               	55	42	870	616
 27  linpohsien <a4839500@gmail.com>                        	223	64	772	349
 28  Tamnv14 <ngovantam.haui@gmail.com>                     	207	38	627	55
 29  sareddy17 <sareddy.kullaireddy3173@gmail.com>          	291	10	3395	6
 30  chinweze <chinwezeubadigha@gmail.com>                  	147070	146520	1953022	1949362
 31  Torbjörn Nordling <tn@nordron.com>                    	171	305	2597	3726
 32  Henry-Peng <kkvvy12@gmail.com>                         	64	37	1296	191
 33  Kevin Lo <owl3808@gmail.com>                           	212	84	1697	541
 34  unknown <geminielf9@gmail.com>                         	143	126	1080	890
 35  unknown <you@example.com>                              	118	19	665	251
 36  me813_Tam-PC\me813_Tam <ngovantam.haui@gmail.com>      	1913	17	8583	51
 37  Dickson Lee <dickson.lee@nordlinglab.org>              	13	4	25	1
 38  Piyarul1993 <piyarulhoque1993@gmail.com>               	33	19	231	236
 39  4A02C014 <4A02C014@stust.edu.tw>                       	3	3	4	4
 40  Eric Chang <ehero80425@gmail.com>                      	166	158	1068	1067
 41  Dexter Chen <owesdexter2011@gmail.com>                 	3	2	4	7
 42  Lam Tan Phat <geminielf9@gmail.com>                    	61	10	231	23
 43  Liucempc <liucempc@hotmail.com>                        	65	1	126	1
 44  Piyarul <piyarulhoque1993@gmail.com>                   	14	5	545	5
 45  Tan Phat <geminielf@gmail.com>                         	27	2	665	5
 46  Your NameJim_Lan <jb0929n@gmail.com>                   	2	2	15	10
 47  Yu-An Wu <jackywugogo@gmail.com>                       	5	2	185	14
 48  Bo Han Huang <bernie6430@gmail.com>                    	3	1	0	0
 49  Elison Liu <liucempc@hotmail.com>                      	2	0	19	0
 50  Henry <kkvvy12@gmail.com>                              	0	211	0	3264
 51  Kenny Hsu <teii1004@yahoo.com.tw>                      	22	19	429	171
 52  Torbjörn Nordling <tn@kth.se>                         	4	0	43	0
 53  dickson lee <dickson.lee@nordlinglab.org>              	83	3	366	1
 54  sareddy kullai reddy <sareddy.kullaireddy3173@gmail.com>	84	84	367	60
 55  哲偉 張 <4a02c014@stust.edu.tw>                     	29	0	93	0

Checking fake commits...
  1  31322f585a1feefb6b45d7b2732984ca62378f66  me813_Tam-PC\me813_Tam <ngovantam.haui@gmail.com>      	1844	0	7216	0
  2  5bf5997655af603a9109c93f73666be3dc33917b  Huan-wei Hsu <qqps4487@gmail.com>                      	43	10	42670	10
  3  6a0d8df044b3987322cdfde158697c0d2420ef44  Rain Wu <Rain.Wu@nordlinglab.org>                      	0	1454	0	8919
  4  59ebe849b9d516d83ad8db01040017e98eab18d6  Rain Wu <Rain.Wu@nordlinglab.org>                      	1701	14	9459	3
  5  37b1180b75aeb2897d28ab67112b0c41ca606e3e  ds lee <dickson.lee@nordlinglab.org>                   	12809	0	66476	0
  6  bea2e80a866ac7c2fb1f814da6d48c5abc08b0d8  Rain Wu <Rain.Wu@nordlinglab.org>                      	17	109672	0	316520
  7  f95dd5d26bb820ee978d3979de6fdb5fd85506c6  ds lee <dickson.lee@nordlinglab.org>                   	0	190661	0	524716
  8  2edc69b462814206e24ce1a3a7244acbebf638d3  ds lee <dickson.lee@nordlinglab.org>                   	190661	0	529931	0
  9  698f87423c77fdd32ec7d0b27786f56025b7ef52  Rain Wu <Rain.Wu@nordlinglab.org>                      	154600	482	519997	1050
 10  0675b7468d0043d0a3721d5ce3ef0496681734ee  Eric Lee <crazyeric890119@gmail.com>                   	0	1881	0	7601
 11  d005d6872314f242124dff73233ebd5459e3506b  Eric Lee <crazyeric890119@gmail.com>                   	0	1053	0	5848
 12  017a9103167a358e0ec020654dfd3054be546c01  Eric Lee <crazyeric890119@gmail.com>                   	1895	6	7637	6
 13  1e3474af864a013881bdfe0bff7ba383423d2fe8  Eric Lee <crazyeric890119@gmail.com>                   	1949	536	8003	723
 14  7de63e99daad03b07c0da4f542e0569439ed62fa  Eric Lee <crazyeric890119@gmail.com>                   	1767	0	7214	0
 15  e59ee2841e3b70d506304db84ec8a8fc102bd87a  Jim_Lan <jb0929n@gmail.com>                            	616	0	3045	0	(FAKE)
 16  54b4667e20208f5b13d9dbcbe57f40f595e57de0  Jim_Lan <jb0929n@gmail.com>                            	0	616	0	3045	(FAKE)
 17  873ecc4897845f09034a4abffd18b4bcc2e801de  Chinweze <chinwezeubadigha@gmail.com>                  	96	152	151	3195
 18  58665e7c0cdb3827a7be806ece194544854ecbe9  leoc0426 <emanual0426@gmail.com>                       	0	1555	0	6221
 19  2edd2e9af00789b93d1449b17e07cb90df5a5ef7  chinweze <chinwezeubadigha@gmail.com>                  	0	146411	0	1948991
 20  00c47500d15a9b37dc64d38097d053941699c877  Jim_Lan <jb0929n@gmail.com>                            	0	3400	0	23179	(FAKE)
 21  9216d3638f0f695167cccd2fcb2a61e2018fda3a  Jim_Lan <jb0929n@gmail.com>                            	3400	0	23178	0	(FAKE)
 22  3338f33be9a47bbd8c798cd08857d834baf55e7b  HoangTan <lopcatia@gmail.com>                          	48	14	630	0	(FAKE)
 23  fcfa0381e50a898582b07090fbc9268f69ac0456  HoangTan <lopcatia@gmail.com>                          	14	48	0	630	(FAKE)
 24  cf0a659342b46db5e7669c4f6cedee69a575f3cb  HoangTan <lopcatia@gmail.com>                          	265	61	2605	633	(FAKE)
 25  6f354ee21b4e67f30c60ee0e22856c7e54f27d57  HoangTan <lopcatia@gmail.com>                          	0	566	0	5263	(FAKE)
 26  668911448679d38709b33725401b5232d9f391fd  HoangTan <lopcatia@gmail.com>                          	362	0	3290	0	(FAKE)
 27  fa98f5f8fa9b50e329c499c46cc75047be304be6  TPhat <geminielf9@gmail.com>                           	0	341	0	4446	(FAKE)
 28  2468050da44a31afeb6dc7b9d3ae105e5b2abbfc  TPhat <geminielf9@gmail.com>                           	340	0	4446	0	(FAKE)
 29  223de00796ca4835a940b3bf39517ff54dc50a31  leoc0426 <emanual0426@gmail.com>                       	0	1054	0	8477
 30  5e0d0deb3ee58042bda2dbccd81a7616b3231f95  Lam Tan Phat <geminielf9@gmail.com>                    	12	10	18	23	(FAKE)
 31  2756ae691fc86b3b5c964ef7856fa92ff279934a  HoangTan <lopcatia@gmail.com>                          	0	185	0	1396	(FAKE)
 32  807da5ae14ff65052a86fb05148e58aaf8f84ff6  HoangTan <lopcatia@gmail.com>                          	185	0	1396	0	(FAKE)
 33  38b25cf86e856669d19692c3de28761f6d4ec615  HoangTan <lopcatia@gmail.com>                          	0	346	0	3261	(FAKE)
 34  6b5f51b1bbfcf4f313c563460aacd7d57617e8de  HoangTan <lopcatia@gmail.com>                          	346	0	3261	0	(FAKE)
 35  da8ca387e7d98431479d8463eb75ef5980b3b867  leoc0426 <emanual0426@gmail.com>                       	5	1857	4	8213
 36  90856e94fdd659ce5fc1508cb77dc5f4cc518696  Lam Tan Phat <geminielf9@gmail.com>                    	49	0	213	0	(FAKE)
 37  0d239935469b27c6ea53ad224c1463daa538dc1d  HoangTan <lopcatia@gmail.com>                          	0	185	0	1396	(FAKE)
 38  8a76605c47e827b4108e67f961f8d481c649db61  HoangTan <lopcatia@gmail.com>                          	185	0	1396	0	(FAKE)
 39  1c44e692ec3bef4e2f9535529c0e6a06db602537  HoangTan <lopcatia@gmail.com>                          	0	345	0	3261	(FAKE)
 40  1cdac9f1c4bb2d391e7462ecba131ae26108c436  HoangTan <lopcatia@gmail.com>                          	345	0	3261	0	(FAKE)
 41  f1eac0396c7617e57821b3cfd201e92c44960dc1  Rahul <adi.rahul171294@gmail.com>                      	325	0	3175	0	(FAKE)
 42  619c22c033c9bc95e174c0d93b144fe131bd85f6  Rahul <adi.rahul171294@gmail.com>                      	0	325	0	3175	(FAKE)
 43  ba52b94068048c3030eacdf79d64ab1a599afbce  Rahul <adi.rahul171294@gmail.com>                      	164	0	1315	0	(FAKE)
 44  911ddfbb691086e937723726a5cde68e29e316c5  Rahul <adi.rahul171294@gmail.com>                      	0	164	0	1315	(FAKE)
 45  f7f986bcf8d9a7c38bd40ed3e60852c3de73ee33  Rahul <adi.rahul171294@gmail.com>                      	29	0	368	0	(FAKE)
 46  d847a028f9da9905973bcada120175d955d0b988  Rahul <adi.rahul171294@gmail.com>                      	0	28	0	369	(FAKE)
 47  a1492ff3c0501efb291ffe0bce519b93e1324939  Feng Chun Hsia <tim.hsia@nordlinglab.org>              	2068	29	9845	51
 48  727fe19aaab771a7478a8cc4c1abf374ec6efe7e  DexterChen <owesdexter2011@gmail.com>                  	30	12	383	131	(FAKE)
 49  a89db42b1f2746b316be90abcfc16c1d83fd980e  DexterChen <owesdexter2011@gmail.com>                  	23	11	264	4	(FAKE)
 50  19eafc59366633f8e2b7ac797fbff6b57bf50c03  HoangTan <lopcatia@gmail.com>                          	0	222	0	2179	(FAKE)
 51  43b14227d077edbd023f70a93297b617a5702baf  HoangTan <lopcatia@gmail.com>                          	222	0	2179	0	(FAKE)
 52  b7dd38bf2c3ff47744c182138a9fc07ed278f66c  HoangTan <lopcatia@gmail.com>                          	0	166	0	1315	(FAKE)
 53  171fd63c01686b6cb9a2af63e93de2468eaff3ae  HoangTan <lopcatia@gmail.com>                          	167	0	1315	0	(FAKE)
 54  a4acafb5179077d45e507def93454ec6bbf08fcb  DexterChen <owesdexter2011@gmail.com>                  	15	25	124	233	(FAKE)
 55  b866e3b09fa54c1e8664ed2d89dab37c3c3aeae0  Piyarul Hoque <piyarulhoque1993@gmail.com>             	33	0	497	0	(FAKE)
 56  a7e99385244649718e5c22c7e2997b11ef01164a  Piyarul Hoque <piyarulhoque1993@gmail.com>             	0	33	0	497	(FAKE)
 57  e5d61b21c07e809cbacd2cf2b5047c80df18dcfd  DexterChen <owesdexter2011@gmail.com>                  	16	6	124	1	(FAKE)
 58  70fc00abcff07f8c6ba312b399d34f0a7d26412d  DexterChen <owesdexter2011@gmail.com>                  	18	15	132	188	(FAKE)
 59  e1f9a5d2642293903e1fa291eb101b7411e2a5fa  Eric Lee <crazyeric890119@gmail.com>                   	235888	0	1582824	0
 60  b5a3461b491191224dfd3a7046fe0001a1e2f20e  DexterChen <owesdexter2011@gmail.com>                  	14	0	186	0	(FAKE)
 61  e95b78a1245fc60f8fb1e4285a93a1035c38c152  Piyarul Hoque <piyarulhoque1993@gmail.com>             	9	14	20	144	(FAKE)
 62  f056c7ddca02c342aea961ce40a54616734e3e23  Eric Lee <crazyeric890119@gmail.com>                   	73	1005	215	5810
 63  7af50a6e04ccf811bbddc54c6074d46bbc7ddbfe  Eric Lee <crazyeric890119@gmail.com>                   	0	1590	0	6311
 64  0cc3aac1240e6cff013a56b584682dab115586d8  Eric Lee <crazyeric890119@gmail.com>                   	1898	23	7661	23
 65  74ee2c79a19abcc47d5b124754de812b19e37344  Eric Lee <crazyeric890119@gmail.com>                   	23	1898	23	7661
 66  fa5d0e5602b10e35bd86b43c18086386963e1ef5  HoangTan <lopcatia@gmail.com>                          	0	160	0	1256	(FAKE)
 67  1b84ee0ddc0a7ddfecd3df76600bb9d8edaf44e2  HoangTan <lopcatia@gmail.com>                          	159	0	1256	0	(FAKE)
 68  cc9ec31dbc76406be04673894432cb89a4c36a24  HoangTan <lopcatia@gmail.com>                          	7	79	77	731	(FAKE)
 69  311fcab1c4606f7846b72a345a4573993bed7817  HoangTan <lopcatia@gmail.com>                          	73	5	655	71	(FAKE)
 70  5297a20e8e50cdaca7290952ba19dab7883ea7ad  Feng Chun Hsia <tim.hsia@nordlinglab.org>              	2510	2	12685	6
 71  374bbb06b27d7dd37396856197f979ee27f3de99  Feng Chun Hsia <tim.hsia@nordlinglab.org>              	20926	0	56818	0	(FAKE)
 72  9bbc815ba24a9946b646f10f649a81ad8740f5c4  Jim_Lan <jb0929n@gmail.com>                            	0	3400	0	23179	(FAKE)
 73  46b8df91ff5a390c38df39b28d527876d7a04da2  Jim_Lan <jb0929n@gmail.com>                            	3400	0	23178	0	(FAKE)
 74  58dedd04182aef564116f6e7be58e21854cf9109  Piyarul <piyarulhoque1993@gmail.com.com>               	1	17	0	346	(FAKE)
 75  d0b6feca58cf671f2ed74256255a621c1a29f36f  Piyarul <piyarulhoque1993@gmail.com.com>               	3	7	0	162	(FAKE)
 76  15ec1db6ce42a063c911b6b610d7b78e71a0c4a7  Piyarul Hoque <piyarulhoque1993@gmail.com>             	1	26	0	298	(FAKE)
 77  cc0beb179134685eecb129a239e24e8d171102d6  Piyarul Hoque <piyarulhoque1993@gmail.com>             	0	27	0	411	(FAKE)
 78  3c1cc0173a490910116b2c33f8ffd19b439019ec  Piyarul Hoque <piyarulhoque1993@gmail.com>             	1	45	0	658	(FAKE)
 79  9c8c84a563896958fd7a982e3041925b7f65173a  Wei <4A02C014@stust.edu.tw>                            	221314	0	1049334	0
 80  c5057ca684585769c716921b1d4b300bd29b603c  leoc0426 <emanual0426@gmail.com>                       	0	17104	0	149702
 81  199e449ed8357c61e4193bcbd4c3303565aff323  l0989553696 <l0989553696@gmail.com>                    	17104	0	149702	0
 82  1678202f5815283695f005a0b95dc7c90a352de8  chinweze <chinwezeubadigha@gmail.com>                  	40146	0	155238	0	(FAKE)
 83  6e658b1fd145a7324ad20b4532dfba83bf4dea78  chinweze <chinwezeubadigha@gmail.com>                  	766	0	3860	0
 84  abb8db8a0ba10d36759b4ee58a2a423d49a69fc8  Feng Chun Hsia <tim.hsia@nordlinglab.org>              	14204	0	105049	0
 85  bcb0376f811e95648707f2cf92b68258bb3655be  chinweze <chinwezeubadigha@gmail.com>                  	91733	0	1733200	0	(FAKE)
 86  cf95b17b03f6db8e07632f7df94702c9b676e946  chinweze <chinwezeubadigha@gmail.com>                  	13872	0	57041	0	(FAKE)
 87  2b00d8dc1d82720099350b8079e59b8bb4ef1bbd  Wei <4A02C014@stust.edu.tw>                            	0	4367	0	12521
 88  65c9f0c9e0a1a745368843c92002ed64e1fd8e04  Wei <4A02C014@stust.edu.tw>                            	97357	0	375847	0
 89  000af34482562edf37987aa0588354abdc5a147d  Bernie Huang <bernie6430@gmail.com>                    	0	12937	0	63787	(FAKE)
 90  dbc75b1cf878df65f9da7a615f8b2d01a8e95330  TPhat <geminielf9@gmail.com>                           	0	73	0	951	(FAKE)
 91  e518720672a1c78386e8c55ec0a3fa800dc1a666  tony <lopcatia@gmail.com>                              	72	0	941	0	(FAKE)
 92  febec397e8dd58e0877e607d5f46b6e133c7b3e3  TPhat <geminielf9@gmail.com>                           	21	1	239	1	(FAKE)
 93  2312e675ceef0aa101c3fc211f0864eae6e70ca6  TPhat <geminielf9@gmail.com>                           	23	1	370	1	(FAKE)
 94  57d2153d16a7d86f721aee25f3c5a48c6b37042e  JSGY <ndslgood@hotmail.com>                            	1761	0	7119	0
 95  171792f2e3bafb1d62c6f027c890022039509a28  Eric Lee <crazyeric890119@gmail.com>                   	9	1078	18	4621
 96  65200327d53ac5320772bfb4fba16a91d939286b  Eric Lee <crazyeric890119@gmail.com>                   	165	1049	594	4497
 97  43c71ceac5822e82d0f9c965927caf8db61c7736  Eric Lee <crazyeric890119@gmail.com>                   	1953	0	8498	0
 98  4db6944a0753b28a1015366676af0a6490dbe3c9  Eric Lee <crazyeric890119@gmail.com>                   	1005	0	5810	0
 99  372cc5d173f7474557a2c33bd7ee02624c397531  Wei <4A02C014@stust.edu.tw>                            	2395	42	12001	47
100  e7a4dc6cd0d8203156a45d68713bfb4e869e3b62  Wei <4A02C014@stust.edu.tw>                            	11608	0	54318	0
101  b585f37c141d324c472b5f87b4d2ace064e42a6c  Eric Lee <crazyeric890119@gmail.com>                   	442	423	4872	4820
102  cba38ded709e490d73a8921c38ac84d48a1c75aa  JSGY <ndslgood@hotmail.com>                            	211	0	3264	0
103  4ef219cd5ed40ca04dec8c596e3744c5b3590191  Henry <kkvvy12@gmail.com>                              	0	211	0	3264
104  942d0a899cf8fc6a07ee643712e501b2a1b5a172  Eric Lee <crazyeric890119@gmail.com>                   	371	366	4215	4087
105  d91207839cd73295df857d393bb3d454939a0fb3  Eric Lee <crazyeric890119@gmail.com>                   	495	1	6018	0
106  b261624808bebcad5642d13b5b986a0abdf62ef8  Eric Lee <crazyeric890119@gmail.com>                   	1	495	0	6018
107  ba65f44b9ed069a6050ee8a7ac044d23916e8f55  Eric Lee <crazyeric890119@gmail.com>                   	1355	1	4306	1
108  bf7a5681a1f6acd269b9030e18d3a2b75541947a  Eric Lee <crazyeric890119@gmail.com>                   	366	367	4009	4012
109  1df122d1b3060f3e71a5bc54595dd73fcb8ba71f  Eric Lee <crazyeric890119@gmail.com>                   	384	424	4412	4863
110  d1599f7819be20a5ab62104625d5b2a5c03ebbcd  Eric Lee <crazyeric890119@gmail.com>                   	423	353	5309	2313
111  b02c8b73c44644b00c766e585f11aa43ee572c42  chinweze <chinwezeubadigha@gmail.com>                  	426	0	3143	0
112  4c8ea59e6b5b50ec9eb001bbbef364a699a65242  Eric Lee <crazyeric890119@gmail.com>                   	24	482	67	3419
113  748312b2c3724edda7c66d333530cb61a4c9e536  Eric Lee <crazyeric890119@gmail.com>                   	237	457	3334	4407
114  647089b71a79b8cb9d215969cfa5d5d68d943126  Torbjörn Nordling <tn@nordron.com>                    	0	256	0	3301
115  49e71837cf3ba735029022c216c513c06a16d0c4  Eric Lee <crazyeric890119@gmail.com>                   	54	303	217	3271
Total fake commits: 115/1056

>> Participants: 
  0  2015  Torbjörn Nordling  
  1  2016  Jacky Wu            
  2  2016  Eric Lee            
  3  2016  Eric Chang          
  4  2016  Karthik Mani        
  5  2016  U-Cheng Chen        
  6  2016  Dexter Chen         
  7  2016  Kevin Lo            
  8  2016  I-Chieh Lin         
  9  2016  Chinweze            
 10  2016  Jones               
 11  2016  Ray                 
 12  2016  Henry Peng          
 13  2016  Piyarul Hoque       
 14  2016  Tim Hsia            
 15  2016  Kenny Hsu           
 16  2016  Tan Phat            
 17  2016  Jim Lan             
 18  2016  Hoang Tan           
 19  2016  Wei                 
 20  2016  Bernie Huang        
 21  2016  Rahul Aditya        
 22  2016  Yu-Sin Lin          
 23  2016  Elison Liu          
 24  2017  Lewis Hsu           
 25  2017  Dickson Lee         
 26  2017  Rain Wu             
 27  2017  Sareddy Reddy       
 28  2017  Paul Lin            
 29  2017  Van Tam Ngo         

>> Authors Remain: 

Generating HTML file...

